<?xml version="1.0" encoding="UTF-8"?>
<!-- Generated by org.testng.reporters.JUnitReportReporter -->
<testsuite hostname="Subhas-MacBook-Pro.local" name="tests.testcase" tests="2" failures="0" timestamp="31 Jan 2016 22:33:38 GMT" time="5.745" errors="0">
  <testcase name="login" time="2.158" classname="tests.testcase"/>
  <testcase name="loginTwo" time="3.587" classname="tests.testcase"/>
</testsuite> <!-- tests.testcase -->
